###############################################################
#  Generated by:      Cadence Innovus 19.10-p002_1
#  OS:                Linux x86_64(Host ID en4192789rl)
#  Generated on:      Sat Mar 30 18:48:31 2024
#  Design:            mult32
#  Command:           report_ccopt_clock_trees -filename ./cts/clock_trees.rpt
###############################################################

Clock DAG stats:
================

-----------------------------------------------------------
Cell type                     Count    Area     Capacitance
-----------------------------------------------------------
Buffers                         1      4.199       1.642
Inverters                       0      0.000       0.000
Integrated Clock Gates          0      0.000       0.000
Non-Integrated Clock Gates      0      0.000       0.000
Clock Logic                     0      0.000       0.000
All                             1      4.199       1.642
-----------------------------------------------------------


Clock DAG wire lengths:
=======================

--------------------
Type     Wire Length
--------------------
Top          0.000
Trunk      134.748
Leaf       218.448
Total      353.196
--------------------


Clock DAG hp wire lengths:
==========================

-----------------------
Type     hp Wire Length
-----------------------
Top           0.000
Trunk         0.000
Leaf        156.528
Total       156.528
-----------------------


Clock DAG capacitances:
=======================

----------------------------------
Type     Gate      Wire     Total
----------------------------------
Top       0.000    0.000     0.000
Trunk     1.642    2.804     4.446
Leaf     10.877    5.198    16.075
Total    12.519    8.002    20.521
----------------------------------


Clock DAG sink capacitances:
============================

---------------------------------------------------------
Count    Total     Average    Std. Dev.    Min      Max
---------------------------------------------------------
 33      10.877     0.330       0.000      0.330    0.330
---------------------------------------------------------


Clock DAG net violations:
=========================

None


Clock DAG primary half-corner transition distribution:
======================================================

--------------------------------------------------------------------------------------------------------------------------------------------------------
Net Type    Target    Count    Average    Std. Dev.    Min     Max     Distribution                                                          Over Target
--------------------------------------------------------------------------------------------------------------------------------------------------------
Trunk       100.0       1       22.3         0.0       22.3    22.3    {1 <= 60.0ps, 0 <= 80.0ps, 0 <= 90.0ps, 0 <= 95.0ps, 0 <= 100.0ps}         -
Leaf        100.0       1       25.1         0.0       25.1    25.1    {1 <= 60.0ps, 0 <= 80.0ps, 0 <= 90.0ps, 0 <= 95.0ps, 0 <= 100.0ps}         -
--------------------------------------------------------------------------------------------------------------------------------------------------------


Clock DAG library cell distribution:
====================================

----------------------------------------------------
Name                   Type      Inst     Inst Area 
                                 Count    (um^2)
----------------------------------------------------
BUFx12f_ASAP7_75t_R    buffer      1        4.199
----------------------------------------------------



Please note that the following tables reflect only the defined clock trees, so the flop counts might not include all flops in your design.

Clock Tree Summary:
===================

---------------------------------------------------------------------------------------------------------------------------------------------------------------------------------------------------------
Clock Tree  # Posedge  # Negedge  # RAM  # Enable  # Non enable  # Other  # Clock  # Bufs  # Invs  # Other  # Implicit  Max       Max     Max      Max          Standard   Wire   Gate    Clock Tree Root
Name        Flops      Flops      Clock  Latch     Latch         Sinks    Gates                    Clock    ignore/     Non-leaf  Leaf    Length   Source-sink  cell area  cap    cap     
                                  Pins   Sinks     Sinks                                           Cells    stop pins   Fanout    Fanout  (um)     Resistance   (um^2)     (fF)   (fF)    
                                                                                                                                                   (Ohms)                                 
---------------------------------------------------------------------------------------------------------------------------------------------------------------------------------------------------------
mult32_clk     33          0        0       0           0           0        0       1       0        0         0          1        33    134.748    23247.3      4.199    8.002  12.519  clk
---------------------------------------------------------------------------------------------------------------------------------------------------------------------------------------------------------

Summary across all clock trees :
================================

-----------------------------------------------------------------------------------------------------------------------------------------------------------------------------------------------
# Posedge  # Negedge  # RAM  # Enable  # Non enable  # Other  # Clock  # Bufs  # Invs  # Other  # Implicit  Max       Average   Max     Average  Max      Max          Standard   Wire   Gate
Flops      Flops      Clock  Latch     Latch         Sinks    Gates                    Clock    ignore/     Non-leaf  Non-leaf  Leaf    Leaf     Length   Source-sink  cell area  cap    cap
                      Pins   Sinks     Sinks                                           Cells    stop pins   Fanout    Fanout    Fanout  Fanout   (um)     Resistance   (um^2)     (fF)   (fF)
                                                                                                                                                          (Ohms)                         
-----------------------------------------------------------------------------------------------------------------------------------------------------------------------------------------------
   33          0        0       0           0           0        0       1       0        0         0          1         1        33      33     134.748   2324.727      4.199    8.002  12.519
-----------------------------------------------------------------------------------------------------------------------------------------------------------------------------------------------

Physical metrics across all clock trees
=======================================

--------------------------------------------------------------------------
Metric                               Minimum   Average   Maximum   Std.dev
--------------------------------------------------------------------------
Source-sink routed net length (um)     83.520   109.134   134.748   25.614
Source-sink manhattan distance (um)    86.184   110.538   134.892   24.354
Source-sink resistance (Ohm)         1455.687  1890.207  2324.727  434.520
--------------------------------------------------------------------------

Transition distribution for half-corner delayCorner_slow:setup.late:
====================================================================

--------------------------------------------------------------------------------------------------------------------------------------------------------
Net Type    Target    Count    Average    Std. Dev.    Min     Max     Distribution                                                          Over Target
--------------------------------------------------------------------------------------------------------------------------------------------------------
Trunk       100.0       1       22.3         0.0       22.3    22.3    {1 <= 60.0ps, 0 <= 80.0ps, 0 <= 90.0ps, 0 <= 95.0ps, 0 <= 100.0ps}         -
Leaf        100.0       1       25.1         0.0       25.1    25.1    {1 <= 60.0ps, 0 <= 80.0ps, 0 <= 90.0ps, 0 <= 95.0ps, 0 <= 100.0ps}         -
--------------------------------------------------------------------------------------------------------------------------------------------------------

Count of violations across all clock trees:
===========================================

---------------------------------------------------------------------------------------
Clock Tree  # Max capacitance  # Max resistance  # Max length  # Max fanout  # Slew
Name        violations         violations        violations    violations    violations
---------------------------------------------------------------------------------------
mult32_clk          0                 0               0             0            0
---------------------------------------------------------------------------------------
Total               0                 0               0             0            0
---------------------------------------------------------------------------------------

Note the above table per clock tree is based on CCOpt clock tree view. The violations are counted across half corners.

Found a total of 0 clock tree pins with max capacitance violations.
Found a total of 0 clock tree nets with max resistance violations.
Found a total of 0 clock tree nets with max length violations.
Found a total of 0 clock tree nets with max fanout violations.
Found a total of 0 clock tree pins with a slew violation.

Report for clock tree: mult32_clk
=================================

Clock Tree Gating Structure (Logical):

# Full cycle clock gates   : 0
Minimum clock gating depth : 0
Maximum clock gating depth : 0
Clock gate area (um^2)     : 0.000

Clock Tree Buffering Structure (Logical):

# Buffers             : 1
# Inverters           : 0
  Total               : 1
Minimum depth         : 1
Maximum depth         : 1
Buffering area (um^2) : 4.199

Clock Tree Level Structure (Logical):

---------------------------------------------------------------------------
Level  # Full  # Posedge  # Negedge  # RAM  # Enable  # Non enable  # Other
       Cycle   Flops      Flops      Clock  Latch     Latch         Sinks
                                     Pins   Sinks     Sinks         
---------------------------------------------------------------------------
root     0        33          0        0       0           0           0
---------------------------------------------------------------------------
Total    0        33          0        0       0           0           0
---------------------------------------------------------------------------

Target and measured clock slews (in ps):

---------------------------------------------------------------------------------------------------------------------------------------
Timing Corner                 Worst Rising  Worst Falling  Worst Rising  Worst Falling  Leaf Slew    Leaf Slew  Trunk Slew   Trunk Slew
                              Leaf Slew     Leaf Slew      Trunk Slew    Trunk Slew     Target Type  Target     Target Type  Target
---------------------------------------------------------------------------------------------------------------------------------------
delayCorner_fast:hold.early       21.6          21.1           20.1          18.1       ignored          -      ignored          -
delayCorner_fast:hold.late        25.1          24.3           22.3          20.2       ignored          -      ignored          -
delayCorner_slow:setup.early      21.6          21.1           20.1          18.1       ignored          -      ignored          -
delayCorner_slow:setup.late       25.1          24.3           22.3          20.2       explicit      100.0     explicit      100.0
---------------------------------------------------------------------------------------------------------------------------------------

* - indicates that target was not met.

auto extracted - target was extracted from SDC.
auto computed - target was computed when balancing trees.

