###############################################################
#  Generated by:      Cadence Innovus 19.10-p002_1
#  OS:                Linux x86_64(Host ID en4192789rl)
#  Generated on:      Sat Mar 30 18:49:24 2024
#  Design:            mult32
#  Command:           verifyConnectivity
###############################################################
Verify Connectivity Report is created on Sat Mar 30 18:49:24 2024



Net CTS_1: dangling Wire at (48.096, 21.276) (48.096, 21.276) on layer: M1
Net CTS_1: dangling Wire at (38.160, 21.420) (38.160, 21.420) on layer: M1
Net CTS_1: dangling Wire at (36.720, 20.772) (36.720, 20.772) on layer: M1
Net CTS_1: dangling Wire at (33.696, 22.500) (33.696, 22.500) on layer: M1
Net CTS_1: dangling Wire at (27.648, 20.772) (27.648, 20.772) on layer: M1
Net CTS_1: dangling Wire at (26.352, 31.140) (26.352, 31.140) on layer: M1
Net CTS_1: dangling Wire at (26.352, 27.252) (26.352, 27.252) on layer: M1
Net CTS_1: dangling Wire at (26.352, 21.852) (26.352, 21.852) on layer: M1

Begin Summary
    8 Problem(s) (IMPVFC-94): The net has dangling wire(s).
    8 total info(s) created.
End Summary
