###############################################################
#  Generated by:      Cadence Innovus 19.10-p002_1
#  OS:                Linux x86_64(Host ID en4192789rl)
#  Generated on:      Sat Mar 30 17:47:05 2024
#  Design:            mult16
#  Command:           report_ccopt_clock_trees -filename ./cts/clock_trees.rpt
###############################################################

Clock DAG stats:
================

-----------------------------------------------------------
Cell type                     Count    Area     Capacitance
-----------------------------------------------------------
Buffers                         0      0.000       0.000
Inverters                       0      0.000       0.000
Integrated Clock Gates          0      0.000       0.000
Non-Integrated Clock Gates      0      0.000       0.000
Clock Logic                     0      0.000       0.000
All                             0      0.000       0.000
-----------------------------------------------------------


Clock DAG wire lengths:
=======================

--------------------
Type     Wire Length
--------------------
Top          0.000
Trunk        0.000
Leaf       177.336
Total      177.336
--------------------


Clock DAG hp wire lengths:
==========================

-----------------------
Type     hp Wire Length
-----------------------
Top          0.000
Trunk        0.000
Leaf         0.000
Total        0.000
-----------------------


Clock DAG capacitances:
=======================

--------------------------------
Type     Gate     Wire     Total
--------------------------------
Top      0.000    0.000    0.000
Trunk    0.000    0.000    0.000
Leaf     5.603    3.984    9.587
Total    5.603    3.984    9.587
--------------------------------


Clock DAG sink capacitances:
============================

--------------------------------------------------------
Count    Total    Average    Std. Dev.    Min      Max
--------------------------------------------------------
 17      5.603     0.330       0.000      0.330    0.330
--------------------------------------------------------


Clock DAG net violations:
=========================

None


Clock DAG primary half-corner transition distribution:
======================================================

--------------------------------------------------------------------------------------------------------------------------------------------------------
Net Type    Target    Count    Average    Std. Dev.    Min     Max     Distribution                                                          Over Target
--------------------------------------------------------------------------------------------------------------------------------------------------------
Leaf        100.0       1       46.6         0.0       46.6    46.6    {1 <= 60.0ps, 0 <= 80.0ps, 0 <= 90.0ps, 0 <= 95.0ps, 0 <= 100.0ps}         -
--------------------------------------------------------------------------------------------------------------------------------------------------------



Please note that the following tables reflect only the defined clock trees, so the flop counts might not include all flops in your design.

Clock Tree Summary:
===================

-------------------------------------------------------------------------------------------------------------------------------------------------------------------------------------------------------
Clock Tree  # Posedge  # Negedge  # RAM  # Enable  # Non enable  # Other  # Clock  # Bufs  # Invs  # Other  # Implicit  Max       Max     Max     Max          Standard   Wire   Gate   Clock Tree Root
Name        Flops      Flops      Clock  Latch     Latch         Sinks    Gates                    Clock    ignore/     Non-leaf  Leaf    Length  Source-sink  cell area  cap    cap    
                                  Pins   Sinks     Sinks                                           Cells    stop pins   Fanout    Fanout  (um)    Resistance   (um^2)     (fF)   (fF)   
                                                                                                                                                  (Ohms)                                
-------------------------------------------------------------------------------------------------------------------------------------------------------------------------------------------------------
mult16_clk     17          0        0       0           0           0        0       0       0        0         0          0        17    127.44    22808.2      0.000    3.984  5.603  clk
-------------------------------------------------------------------------------------------------------------------------------------------------------------------------------------------------------

Summary across all clock trees :
================================

----------------------------------------------------------------------------------------------------------------------------------------------------------------------------------------------
# Posedge  # Negedge  # RAM  # Enable  # Non enable  # Other  # Clock  # Bufs  # Invs  # Other  # Implicit  Max       Average   Max     Average  Max      Max          Standard   Wire   Gate
Flops      Flops      Clock  Latch     Latch         Sinks    Gates                    Clock    ignore/     Non-leaf  Non-leaf  Leaf    Leaf     Length   Source-sink  cell area  cap    cap
                      Pins   Sinks     Sinks                                           Cells    stop pins   Fanout    Fanout    Fanout  Fanout   (um)     Resistance   (um^2)     (fF)   (fF)
                                                                                                                                                          (Ohms)                         
----------------------------------------------------------------------------------------------------------------------------------------------------------------------------------------------
   17          0        0       0           0           0        0       0       0        0         0          0         0        17      17     127.440   2280.816      0.000    3.984  5.603
----------------------------------------------------------------------------------------------------------------------------------------------------------------------------------------------

Physical metrics across all clock trees
=======================================

--------------------------------------------------------------------------
Metric                               Minimum   Average   Maximum   Std.dev
--------------------------------------------------------------------------
Source-sink routed net length (um)    127.440   127.440   127.440   0.000
Source-sink manhattan distance (um)   121.068   121.068   121.068   0.000
Source-sink resistance (Ohm)         2280.816  2280.816  2280.816   0.000
--------------------------------------------------------------------------

Transition distribution for half-corner delayCorner_slow:setup.late:
====================================================================

--------------------------------------------------------------------------------------------------------------------------------------------------------
Net Type    Target    Count    Average    Std. Dev.    Min     Max     Distribution                                                          Over Target
--------------------------------------------------------------------------------------------------------------------------------------------------------
Leaf        100.0       1       46.6         0.0       46.6    46.6    {1 <= 60.0ps, 0 <= 80.0ps, 0 <= 90.0ps, 0 <= 95.0ps, 0 <= 100.0ps}         -
--------------------------------------------------------------------------------------------------------------------------------------------------------

Count of violations across all clock trees:
===========================================

---------------------------------------------------------------------------------------
Clock Tree  # Max capacitance  # Max resistance  # Max length  # Max fanout  # Slew
Name        violations         violations        violations    violations    violations
---------------------------------------------------------------------------------------
mult16_clk          0                 0               0             0            0
---------------------------------------------------------------------------------------
Total               0                 0               0             0            0
---------------------------------------------------------------------------------------

Note the above table per clock tree is based on CCOpt clock tree view. The violations are counted across half corners.

Found a total of 0 clock tree pins with max capacitance violations.
Found a total of 0 clock tree nets with max resistance violations.
Found a total of 0 clock tree nets with max length violations.
Found a total of 0 clock tree nets with max fanout violations.
Found a total of 0 clock tree pins with a slew violation.

Report for clock tree: mult16_clk
=================================

Clock Tree Gating Structure (Logical):

# Full cycle clock gates   : 0
Minimum clock gating depth : 0
Maximum clock gating depth : 0
Clock gate area (um^2)     : 0.000

Clock Tree Buffering Structure (Logical):

# Buffers             : 0
# Inverters           : 0
  Total               : 0
Minimum depth         : 0
Maximum depth         : 0
Buffering area (um^2) : 0.000

Clock Tree Level Structure (Logical):

---------------------------------------------------------------------------
Level  # Full  # Posedge  # Negedge  # RAM  # Enable  # Non enable  # Other
       Cycle   Flops      Flops      Clock  Latch     Latch         Sinks
                                     Pins   Sinks     Sinks         
---------------------------------------------------------------------------
root     0        17          0        0       0           0           0
---------------------------------------------------------------------------
Total    0        17          0        0       0           0           0
---------------------------------------------------------------------------

Target and measured clock slews (in ps):

---------------------------------------------------------------------------------------------------------------------------------------
Timing Corner                 Worst Rising  Worst Falling  Worst Rising  Worst Falling  Leaf Slew    Leaf Slew  Trunk Slew   Trunk Slew
                              Leaf Slew     Leaf Slew      Trunk Slew    Trunk Slew     Target Type  Target     Target Type  Target
---------------------------------------------------------------------------------------------------------------------------------------
delayCorner_fast:hold.early       40.4          35.9            -              -        ignored          -      ignored          -
delayCorner_fast:hold.late        46.6          41.4            -              -        ignored          -      ignored          -
delayCorner_slow:setup.early      40.4          35.9            -              -        ignored          -      ignored          -
delayCorner_slow:setup.late       46.6          41.4            -              -        explicit      100.0     explicit      100.0
---------------------------------------------------------------------------------------------------------------------------------------

* - indicates that target was not met.

auto extracted - target was extracted from SDC.
auto computed - target was computed when balancing trees.

