Error: Current design is not defined. (UID-4)
0
Loading db file '/home/aavyas1/libs/asap7libs/asap7libs_24/db/asap7sc7p5t_22b_SEQ_RVT_TT_170906.db'
Loading db file '/home/aavyas1/libs/asap7libs/asap7libs_24/db/asap7sc7p5t_22b_OA_RVT_TT_170906.db'
Loading db file '/home/aavyas1/libs/asap7libs/asap7libs_24/db/asap7sc7p5t_22b_INVBUF_RVT_TT_170906.db'
Loading db file '/home/aavyas1/libs/asap7libs/asap7libs_24/db/asap7sc7p5t_22b_AO_RVT_TT_170906.db'
Loading db file '/home/aavyas1/libs/asap7libs/asap7libs_24/db/asap7sc7p5t_22b_SIMPLE_RVT_TT_170906.db'
Information: Propagating switching activity (medium effort zero delay simulation). (PWR-6)
Warning: Design has unannotated primary inputs. (PWR-414)
Warning: Design has unannotated sequential cell outputs. (PWR-415)
 
****************************************
Report : power
        -hier
        -analysis_effort medium
Design : adder32
Version: S-2021.06-SP5-4
Date   : Sat Mar 30 18:19:09 2024
****************************************


Library(s) Used:

    asap7sc7p5t_22b_SIMPLE_RVT_TT_170906 (File: /home/aavyas1/libs/asap7libs/asap7libs_24/db/asap7sc7p5t_22b_SIMPLE_RVT_TT_170906.db)
    asap7sc7p5t_22b_INVBUF_RVT_TT_170906 (File: /home/aavyas1/libs/asap7libs/asap7libs_24/db/asap7sc7p5t_22b_INVBUF_RVT_TT_170906.db)
    asap7sc7p5t_22b_AO_RVT_TT_170906 (File: /home/aavyas1/libs/asap7libs/asap7libs_24/db/asap7sc7p5t_22b_AO_RVT_TT_170906.db)
    asap7sc7p5t_22b_OA_RVT_TT_170906 (File: /home/aavyas1/libs/asap7libs/asap7libs_24/db/asap7sc7p5t_22b_OA_RVT_TT_170906.db)
    asap7sc7p5t_22b_SEQ_RVT_TT_170906 (File: /home/aavyas1/libs/asap7libs/asap7libs_24/db/asap7sc7p5t_22b_SEQ_RVT_TT_170906.db)


Operating Conditions: PVT_0P7V_25C   Library: asap7sc7p5t_22b_AO_RVT_TT_170906
Wire Load Model Mode: segmented

Design        Wire Load Model            Library
------------------------------------------------


Global Operating Voltage = 0.7  
Power-specific unit information :
    Voltage Units = 1V
    Capacitance Units = 1.000000ff
    Time Units = 1ps
    Dynamic Power Units = 1mW    (derived from V,C,T units)
    Leakage Power Units = 1pW


--------------------------------------------------------------------------------
                                       Switch   Int      Leak     Total
Hierarchy                              Power    Power    Power    Power    %
--------------------------------------------------------------------------------
adder32                                   0.129 9.82e-02 2.62e+05    0.228 100.0
1
