Error: Current design is not defined. (UID-4)
0
 
****************************************
Report : area
Design : adder32
Version: S-2021.06-SP5-4
Date   : Sat Mar 30 18:19:06 2024
****************************************

Library(s) Used:

    asap7sc7p5t_22b_SIMPLE_RVT_TT_170906 (File: /home/aavyas1/libs/asap7libs/asap7libs_24/db/asap7sc7p5t_22b_SIMPLE_RVT_TT_170906.db)
    asap7sc7p5t_22b_INVBUF_RVT_TT_170906 (File: /home/aavyas1/libs/asap7libs/asap7libs_24/db/asap7sc7p5t_22b_INVBUF_RVT_TT_170906.db)
    asap7sc7p5t_22b_AO_RVT_TT_170906 (File: /home/aavyas1/libs/asap7libs/asap7libs_24/db/asap7sc7p5t_22b_AO_RVT_TT_170906.db)
    asap7sc7p5t_22b_OA_RVT_TT_170906 (File: /home/aavyas1/libs/asap7libs/asap7libs_24/db/asap7sc7p5t_22b_OA_RVT_TT_170906.db)
    asap7sc7p5t_22b_SEQ_RVT_TT_170906 (File: /home/aavyas1/libs/asap7libs/asap7libs_24/db/asap7sc7p5t_22b_SEQ_RVT_TT_170906.db)

Number of ports:                          100
Number of nets:                          3776
Number of cells:                         3695
Number of combinational cells:           3662
Number of sequential cells:                33
Number of macros/black boxes:               0
Number of buf/inv:                       1018
Number of references:                      98

Combinational area:               4147.018563
Buf/Inv area:                      777.988808
Noncombinational area:             153.964794
Macro/Black Box area:                0.000000
Net Interconnect area:      undefined  (No wire load specified)

Total cell area:                  4300.983357
Total area:                 undefined

Hierarchical area distribution
------------------------------

                                  Global cell area          Local cell area
                                  ------------------  ---------------------------- 
Hierarchical cell                 Absolute   Percent  Combi-     Noncombi-  Black-
                                  Total      Total    national   national   boxes   Design
--------------------------------  ---------  -------  ---------  ---------  ------  ---------
adder32                           4300.9834    100.0  4147.0186   153.9648  0.0000  adder32
--------------------------------  ---------  -------  ---------  ---------  ------  ---------
Total                                                 4147.0186   153.9648  0.0000


Area of detected synthetic parts
--------------------------------
  No DW parts to report!

Estimated area of ungrouped synthetic parts
-------------------------------------------
                            Estimated  Perc. of
  Module    Implem.  Count       Area cell area
  --------- -------  ----- ---------- ---------
  DW01_add      cla      1   329.3911      7.7%
  DW01_add      rpl      4   142.7674      3.3%
  DW01_ash      mx2      1   174.2601      4.1%
  DW01_cmp2     rpl      3   160.4966      3.7%
  DW01_cmp6     rpl      8   159.5635      3.7%
  DW01_inc      cla      2   275.5036      6.4%
  DW01_inc      rpl      1    30.0931      0.7%
  DW01_sub      cla      5  1039.0279     24.2%
  DW01_sub      rpl      3    74.6496      1.7%
  DW_rash       mx2      2   669.0466     15.6%
  --------- -------  ----- ---------- ---------
  Total:                30  3054.7995     71.0%

Total synthetic cell area:              3054.7995  71.0%  (estimated)

1
