###############################################################
#  Generated by:      Cadence Innovus 19.10-p002_1
#  OS:                Linux x86_64(Host ID en4192789rl)
#  Generated on:      Sat Mar 30 18:31:12 2024
#  Design:            adder32
#  Command:           verifyConnectivity
###############################################################
Verify Connectivity Report is created on Sat Mar 30 18:31:12 2024



Net CTS_1: dangling Wire at (87.552, 23.580) (87.552, 23.580) on layer: M1
Net CTS_1: dangling Wire at (87.552, 22.500) (87.552, 22.500) on layer: M1
Net CTS_1: dangling Wire at (87.408, 20.772) (87.408, 20.772) on layer: M1
Net CTS_1: dangling Wire at (87.120, 98.532) (87.120, 98.532) on layer: M1
Net CTS_1: dangling Wire at (83.232, 21.852) (83.232, 21.852) on layer: M1
Net CTS_1: dangling Wire at (81.360, 23.436) (81.360, 23.436) on layer: M1
Net CTS_1: dangling Wire at (77.472, 21.852) (77.472, 21.852) on layer: M1
Net CTS_1: dangling Wire at (76.608, 22.356) (76.608, 22.356) on layer: M1
Net CTS_1: dangling Wire at (74.016, 22.356) (74.016, 22.356) on layer: M1
Net CTS_1: dangling Wire at (74.016, 20.916) (74.016, 20.916) on layer: M1
Net CTS_1: dangling Wire at (72.432, 21.852) (72.432, 21.852) on layer: M1
Net CTS_1: dangling Wire at (70.704, 23.580) (70.704, 23.580) on layer: M1
Net CTS_1: dangling Wire at (69.696, 23.076) (69.696, 23.076) on layer: M1
Net CTS_1: dangling Wire at (67.104, 27.756) (67.104, 27.756) on layer: M1
Net CTS_1: dangling Wire at (66.348, 27.108) (66.348, 27.108) on layer: M1
Net CTS_1: dangling Wire at (66.096, 31.140) (66.096, 31.140) on layer: M1
Net CTS_1: dangling Wire at (65.376, 33.732) (65.376, 33.732) on layer: M1
Net CTS_1: dangling Wire at (62.784, 29.556) (62.784, 29.556) on layer: M1
Net CTS_1: dangling Wire at (61.056, 30.060) (61.056, 30.060) on layer: M1
Net CTS_1: dangling Wire at (45.072, 27.252) (45.072, 27.252) on layer: M1
Net CTS_1: dangling Wire at (36.000, 20.916) (36.000, 20.916) on layer: M1
Net CTS_1: dangling Wire at (35.136, 25.236) (35.136, 25.236) on layer: M1
Net CTS_1: dangling Wire at (33.264, 22.932) (33.264, 22.932) on layer: M1
Net CTS_1: dangling Wire at (31.248, 20.916) (31.248, 20.916) on layer: M1
Net CTS_1: dangling Wire at (31.104, 23.580) (31.104, 23.580) on layer: M1
Net CTS_1: dangling Wire at (30.816, 24.516) (30.816, 24.516) on layer: M1
Net CTS_1: dangling Wire at (30.384, 25.596) (30.384, 25.596) on layer: M1
Net CTS_1: dangling Wire at (30.240, 21.420) (30.240, 21.420) on layer: M1

Begin Summary
    28 Problem(s) (IMPVFC-94): The net has dangling wire(s).
    28 total info(s) created.
End Summary
