Error: Current design is not defined. (UID-4)
0
Error: Current design is not defined. (UID-4)
0
 
****************************************
Report : area
Design : adder16
Version: S-2021.06-SP5-4
Date   : Sat Mar 30 14:35:01 2024
****************************************

Library(s) Used:

    asap7sc7p5t_22b_SIMPLE_RVT_TT_170906 (File: /home/aavyas1/libs/asap7libs/asap7libs_24/db/asap7sc7p5t_22b_SIMPLE_RVT_TT_170906.db)
    asap7sc7p5t_22b_INVBUF_RVT_TT_170906 (File: /home/aavyas1/libs/asap7libs/asap7libs_24/db/asap7sc7p5t_22b_INVBUF_RVT_TT_170906.db)
    asap7sc7p5t_22b_OA_RVT_TT_170906 (File: /home/aavyas1/libs/asap7libs/asap7libs_24/db/asap7sc7p5t_22b_OA_RVT_TT_170906.db)
    asap7sc7p5t_22b_AO_RVT_TT_170906 (File: /home/aavyas1/libs/asap7libs/asap7libs_24/db/asap7sc7p5t_22b_AO_RVT_TT_170906.db)
    asap7sc7p5t_22b_SEQ_RVT_TT_170906 (File: /home/aavyas1/libs/asap7libs/asap7libs_24/db/asap7sc7p5t_22b_SEQ_RVT_TT_170906.db)

Number of ports:                           52
Number of nets:                          1469
Number of cells:                         1425
Number of combinational cells:           1408
Number of sequential cells:                17
Number of macros/black boxes:               0
Number of buf/inv:                        432
Number of references:                      70

Combinational area:               1580.938560
Buf/Inv area:                      314.928004
Noncombinational area:              79.315197
Macro/Black Box area:                0.000000
Net Interconnect area:      undefined  (No wire load specified)

Total cell area:                  1660.253757
Total area:                 undefined

Hierarchical area distribution
------------------------------

                                  Global cell area          Local cell area
                                  ------------------  ---------------------------- 
Hierarchical cell                 Absolute   Percent  Combi-     Noncombi-  Black-
                                  Total      Total    national   national   boxes   Design
--------------------------------  ---------  -------  ---------  ---------  ------  ---------
adder16                           1660.2538    100.0  1580.9386    79.3152  0.0000  adder16
--------------------------------  ---------  -------  ---------  ---------  ------  ---------
Total                                                 1580.9386    79.3152  0.0000


Area of detected synthetic parts
--------------------------------
  No DW parts to report!

Estimated area of ungrouped synthetic parts
-------------------------------------------
                            Estimated  Perc. of
  Module    Implem.  Count       Area cell area
  --------- -------  ----- ---------- ---------
  DW01_add      cla      1   145.7999      8.8%
  DW01_add      rpl      4    86.7802      5.2%
  DW01_ash      mx2      1    62.2858      3.8%
  DW01_cmp2     rpl      3    34.2922      2.1%
  DW01_cmp6     rpl      8    89.5795      5.4%
  DW01_inc      cla      2    76.2826      4.6%
  DW01_inc      rpl      1    19.5955      1.2%
  DW01_sub      cla      3   380.0130     22.9%
  DW01_sub      rpl      5   128.3040      7.7%
  DW_rash       mx2      2   163.2960      9.8%
  --------- -------  ----- ---------- ---------
  Total:                30  1186.2286     71.4%

Total synthetic cell area:              1186.2286  71.4%  (estimated)

1
